<?xml version="1.0" encoding="UTF-8"?>
<!-- Generated by org.testng.reporters.JUnitReportReporter -->
<testsuite hostname="DESKTOP-B2QSJ40" failures="0" tests="5" name="runners.TestRunner" time="15.242" errors="0" timestamp="2024-11-25T07:51:07 EET" skipped="0">
  <testcase classname="runners.TestRunner" name="runScenario" time="0.424"/>
  <testcase classname="runners.TestRunner" name="runScenario" time="0.748"/>
  <testcase classname="runners.TestRunner" name="runScenario" time="0.469"/>
  <testcase classname="runners.TestRunner" name="runScenario" time="5.765"/>
  <testcase classname="runners.TestRunner" name="runScenario" time="7.836"/>
</testsuite> <!-- runners.TestRunner -->
